
2024/09/19 16:11:56 [31;1m/Users/ejgo/Documents/Code Projects/patientFeedbackSystem/server/services/feedback/graph/dal/feedback_repository.go:24 [35;1mERROR: null value in column "question_id" of relation "feedbacks" violates not-null constraint (SQLSTATE 23502)
[0m[33m[5.170ms] [34;1m[rows:0][0m INSERT INTO "feedbacks" ("survey_id","user_id") VALUES ('test_survey','random_user') RETURNING "id"

2024/09/19 16:13:03 [31;1m/Users/ejgo/Documents/Code Projects/patientFeedbackSystem/server/services/feedback/graph/dal/feedback_repository.go:24 [35;1mERROR: null value in column "question_id" of relation "feedbacks" violates not-null constraint (SQLSTATE 23502)
[0m[33m[2.679ms] [34;1m[rows:0][0m INSERT INTO "feedbacks" ("survey_id","user_id") VALUES ('test_survey','random_user') RETURNING "id"

2024/09/19 16:13:24 [31;1m/Users/ejgo/Documents/Code Projects/patientFeedbackSystem/server/services/feedback/graph/dal/feedback_repository.go:24 [35;1mERROR: relation "feedback_answers" does not exist (SQLSTATE 42P01)
[0m[33m[1.244ms] [34;1m[rows:0][0m INSERT INTO "feedback_answers" ("feedback_id","question_id","answer") VALUES ('a0ef8b5d-b4a9-41a4-9c9d-58617d94a260','test_q',3) ON CONFLICT ("id") DO UPDATE SET "feedback_id"="excluded"."feedback_id" RETURNING "id"

2024/09/19 16:13:24 [31;1m/Users/ejgo/Documents/Code Projects/patientFeedbackSystem/server/services/feedback/graph/dal/feedback_repository.go:24 [35;1mERROR: relation "feedback_answers" does not exist (SQLSTATE 42P01)
[0m[33m[8.105ms] [34;1m[rows:1][0m INSERT INTO "feedbacks" ("survey_id","user_id") VALUES ('test_survey','random_user') RETURNING "id"

2024/09/19 16:14:18 [32m/Users/ejgo/Documents/Code Projects/patientFeedbackSystem/server/services/feedback/graph/dal/feedback_repository.go:24
[0m[33m[3.779ms] [34;1m[rows:1][0m INSERT INTO "feedback_answers" ("feedback_id","question_id","answer") VALUES ('faeed501-5b55-49f1-b13e-3d90b9855ddf','test_q',3) ON CONFLICT ("id") DO UPDATE SET "feedback_id"="excluded"."feedback_id" RETURNING "id"

2024/09/19 16:14:18 [32m/Users/ejgo/Documents/Code Projects/patientFeedbackSystem/server/services/feedback/graph/dal/feedback_repository.go:24
[0m[33m[5.343ms] [34;1m[rows:1][0m INSERT INTO "feedbacks" ("survey_id","user_id") VALUES ('test_survey','random_user') RETURNING "id"

2024/09/19 16:14:18 [32m/Users/ejgo/Documents/Code Projects/patientFeedbackSystem/server/services/feedback/graph/dal/feedback_repository.go:44
[0m[33m[2.961ms] [34;1m[rows:1][0m SELECT * FROM "feedback_answers" WHERE feedback_id = 'faeed501-5b55-49f1-b13e-3d90b9855ddf'

2024/09/19 16:16:03 [32m/Users/ejgo/Documents/Code Projects/patientFeedbackSystem/server/services/feedback/graph/dal/feedback_repository.go:24
[0m[33m[0.576ms] [34;1m[rows:2][0m INSERT INTO "feedback_answers" ("feedback_id","question_id","answer") VALUES ('528ad844-349a-4b76-8539-6e3bc0cd2b31','test_q2',3),('528ad844-349a-4b76-8539-6e3bc0cd2b31','another 1',4) ON CONFLICT ("id") DO UPDATE SET "feedback_id"="excluded"."feedback_id" RETURNING "id"

2024/09/19 16:16:03 [32m/Users/ejgo/Documents/Code Projects/patientFeedbackSystem/server/services/feedback/graph/dal/feedback_repository.go:24
[0m[33m[4.063ms] [34;1m[rows:1][0m INSERT INTO "feedbacks" ("survey_id","user_id") VALUES ('test_survey2','random_user') RETURNING "id"

2024/09/19 16:16:03 [32m/Users/ejgo/Documents/Code Projects/patientFeedbackSystem/server/services/feedback/graph/dal/feedback_repository.go:44
[0m[33m[0.593ms] [34;1m[rows:2][0m SELECT * FROM "feedback_answers" WHERE feedback_id = '528ad844-349a-4b76-8539-6e3bc0cd2b31'
