
2024/09/19 13:02:48 [32m/Users/ejgo/Documents/Code Projects/GoLang-Projects/patientFeedbackManager/server/services/survey/graph/dal/survey_repository.go:38
[0m[33m[37.635ms] [34;1m[rows:6][0m SELECT * FROM "surveys"

2024/09/19 13:02:48 [32m/Users/ejgo/Documents/Code Projects/GoLang-Projects/patientFeedbackManager/server/services/survey/graph/dal/survey_repository.go:76
[0m[33m[6.821ms] [34;1m[rows:2][0m SELECT * FROM "questions" WHERE survey_id = 'b39c7db7-c535-4141-a71d-3005e2605e48'

2024/09/19 13:02:48 [32m/Users/ejgo/Documents/Code Projects/GoLang-Projects/patientFeedbackManager/server/services/survey/graph/dal/survey_repository.go:86
[0m[33m[4.945ms] [34;1m[rows:1][0m SELECT * FROM "options" WHERE question_id = 'd3870134-90b2-49dd-aa01-f21019b741b7'

2024/09/19 13:02:48 [32m/Users/ejgo/Documents/Code Projects/GoLang-Projects/patientFeedbackManager/server/services/survey/graph/dal/survey_repository.go:76
[0m[33m[60.453ms] [34;1m[rows:2][0m SELECT * FROM "questions" WHERE survey_id = 'fad3eb40-a9bf-4464-ba62-436464d3dad5'

2024/09/19 13:02:48 [32m/Users/ejgo/Documents/Code Projects/GoLang-Projects/patientFeedbackManager/server/services/survey/graph/dal/survey_repository.go:76
[0m[33m[60.564ms] [34;1m[rows:1][0m SELECT * FROM "questions" WHERE survey_id = '4c90e4e5-4712-4dd9-ad6f-4f135961d61b'

2024/09/19 13:02:48 [32m/Users/ejgo/Documents/Code Projects/GoLang-Projects/patientFeedbackManager/server/services/survey/graph/dal/survey_repository.go:76
[0m[33m[60.729ms] [34;1m[rows:2][0m SELECT * FROM "questions" WHERE survey_id = '11fdf9d0-654f-450b-8222-20ea92a1de87'

2024/09/19 13:02:48 [32m/Users/ejgo/Documents/Code Projects/GoLang-Projects/patientFeedbackManager/server/services/survey/graph/dal/survey_repository.go:76
[0m[33m[60.730ms] [34;1m[rows:2][0m SELECT * FROM "questions" WHERE survey_id = 'b759392a-f182-46e1-ba72-0cc90dd6c2cf'

2024/09/19 13:02:48 [32m/Users/ejgo/Documents/Code Projects/GoLang-Projects/patientFeedbackManager/server/services/survey/graph/dal/survey_repository.go:76
[0m[33m[62.019ms] [34;1m[rows:1][0m SELECT * FROM "questions" WHERE survey_id = 'fdaf7507-3d3b-4e77-a25d-fdceeb055e23'

2024/09/19 13:02:48 [32m/Users/ejgo/Documents/Code Projects/GoLang-Projects/patientFeedbackManager/server/services/survey/graph/dal/survey_repository.go:86
[0m[33m[55.423ms] [34;1m[rows:1][0m SELECT * FROM "options" WHERE question_id = '5d91b28c-6b84-4d2f-b04d-a14cab0bd625'

2024/09/19 13:02:48 [32m/Users/ejgo/Documents/Code Projects/GoLang-Projects/patientFeedbackManager/server/services/survey/graph/dal/survey_repository.go:86
[0m[33m[3.699ms] [34;1m[rows:1][0m SELECT * FROM "options" WHERE question_id = '911bcb1d-a238-4ac6-9e6e-5b36b885976d'

2024/09/19 13:02:48 [32m/Users/ejgo/Documents/Code Projects/GoLang-Projects/patientFeedbackManager/server/services/survey/graph/dal/survey_repository.go:86
[0m[33m[5.393ms] [34;1m[rows:1][0m SELECT * FROM "options" WHERE question_id = '3b627ee3-80b1-4478-862d-d3d4ded728e4'

2024/09/19 13:02:48 [32m/Users/ejgo/Documents/Code Projects/GoLang-Projects/patientFeedbackManager/server/services/survey/graph/dal/survey_repository.go:86
[0m[33m[5.562ms] [34;1m[rows:1][0m SELECT * FROM "options" WHERE question_id = 'ba09cc7a-12fb-4725-96ce-b4abd0ae2381'

2024/09/19 13:02:48 [32m/Users/ejgo/Documents/Code Projects/GoLang-Projects/patientFeedbackManager/server/services/survey/graph/dal/survey_repository.go:86
[0m[33m[4.865ms] [34;1m[rows:1][0m SELECT * FROM "options" WHERE question_id = 'f9f36c5a-82a6-49e6-95f8-603ceae7bc6a'

2024/09/19 13:02:48 [32m/Users/ejgo/Documents/Code Projects/GoLang-Projects/patientFeedbackManager/server/services/survey/graph/dal/survey_repository.go:86
[0m[33m[25.634ms] [34;1m[rows:1][0m SELECT * FROM "options" WHERE question_id = '50de85f9-0ad7-477b-81fd-8824b2e41c97'

2024/09/19 13:02:48 [32m/Users/ejgo/Documents/Code Projects/GoLang-Projects/patientFeedbackManager/server/services/survey/graph/dal/survey_repository.go:86
[0m[33m[26.005ms] [34;1m[rows:1][0m SELECT * FROM "options" WHERE question_id = 'f0004d80-dd27-4951-9018-23c1a2d6e82b'

2024/09/19 13:02:48 [32m/Users/ejgo/Documents/Code Projects/GoLang-Projects/patientFeedbackManager/server/services/survey/graph/dal/survey_repository.go:86
[0m[33m[27.551ms] [34;1m[rows:1][0m SELECT * FROM "options" WHERE question_id = '13a5079a-14c3-4c2f-93c4-4b3fa4396aaf'

2024/09/19 13:02:48 [32m/Users/ejgo/Documents/Code Projects/GoLang-Projects/patientFeedbackManager/server/services/survey/graph/dal/survey_repository.go:86
[0m[33m[28.006ms] [34;1m[rows:1][0m SELECT * FROM "options" WHERE question_id = '47fb147b-9aa4-4ed5-9123-cacc9d7d0b4e'

2024/09/19 13:03:15 [32m/Users/ejgo/Documents/Code Projects/GoLang-Projects/patientFeedbackManager/server/services/survey/graph/dal/survey_repository.go:48
[0m[33m[13.309ms] [34;1m[rows:1][0m SELECT * FROM "surveys" WHERE id = 'b759392a-f182-46e1-ba72-0cc90dd6c2cf' ORDER BY "surveys"."id" LIMIT 1

2024/09/19 13:03:15 [32m/Users/ejgo/Documents/Code Projects/GoLang-Projects/patientFeedbackManager/server/services/survey/graph/dal/survey_repository.go:76
[0m[33m[0.374ms] [34;1m[rows:2][0m SELECT * FROM "questions" WHERE survey_id = 'b759392a-f182-46e1-ba72-0cc90dd6c2cf'

2024/09/19 13:03:15 [32m/Users/ejgo/Documents/Code Projects/GoLang-Projects/patientFeedbackManager/server/services/survey/graph/dal/survey_repository.go:86
[0m[33m[0.453ms] [34;1m[rows:1][0m SELECT * FROM "options" WHERE question_id = '50de85f9-0ad7-477b-81fd-8824b2e41c97'

2024/09/19 13:03:15 [32m/Users/ejgo/Documents/Code Projects/GoLang-Projects/patientFeedbackManager/server/services/survey/graph/dal/survey_repository.go:86
[0m[33m[0.969ms] [34;1m[rows:1][0m SELECT * FROM "options" WHERE question_id = 'f0004d80-dd27-4951-9018-23c1a2d6e82b'

2024/09/19 13:06:37 [32m/Users/ejgo/Documents/Code Projects/GoLang-Projects/patientFeedbackManager/server/services/survey/graph/dal/survey_repository.go:28
[0m[33m[2.453ms] [34;1m[rows:1][0m INSERT INTO "options" ("question_id","option_text") VALUES ('d52c6903-fabf-40e5-b43d-3c0bee71d79c','tst') ON CONFLICT ("id") DO UPDATE SET "question_id"="excluded"."question_id" RETURNING "id"

2024/09/19 13:06:37 [32m/Users/ejgo/Documents/Code Projects/GoLang-Projects/patientFeedbackManager/server/services/survey/graph/dal/survey_repository.go:28
[0m[33m[6.677ms] [34;1m[rows:1][0m INSERT INTO "questions" ("survey_id","question_text") VALUES ('4bcdbdb2-d661-4134-8e23-1d915bdac803','test') ON CONFLICT ("id") DO UPDATE SET "survey_id"="excluded"."survey_id" RETURNING "id"

2024/09/19 13:06:37 [32m/Users/ejgo/Documents/Code Projects/GoLang-Projects/patientFeedbackManager/server/services/survey/graph/dal/survey_repository.go:28
[0m[33m[36.264ms] [34;1m[rows:1][0m INSERT INTO "surveys" ("name","description") VALUES ('testtoday','testtcreate') RETURNING "id"

2024/09/19 13:06:37 [32m/Users/ejgo/Documents/Code Projects/GoLang-Projects/patientFeedbackManager/server/services/survey/graph/dal/survey_repository.go:76
[0m[33m[1.711ms] [34;1m[rows:1][0m SELECT * FROM "questions" WHERE survey_id = '4bcdbdb2-d661-4134-8e23-1d915bdac803'

2024/09/19 13:06:37 [32m/Users/ejgo/Documents/Code Projects/GoLang-Projects/patientFeedbackManager/server/services/survey/graph/dal/survey_repository.go:86
[0m[33m[0.734ms] [34;1m[rows:1][0m SELECT * FROM "options" WHERE question_id = 'd52c6903-fabf-40e5-b43d-3c0bee71d79c'
